<?xml version="1.0" encoding="UTF-8"?>
<!-- Generated by org.testng.reporters.JUnitXMLReporter -->
<testsuite ignored="0" hostname="Ketan" failures="0" tests="3" name="Default test" time="32.084" errors="0" timestamp="2025-04-12T17:06:20 IST">
  <testcase classname="StandardFramework.Tests.MainTest" name="funtion" time="5.394"/>
  <testcase classname="StandardFramework.Tests.MainTest" name="funtion" time="3.845"/>
  <testcase classname="StandardFramework.Tests.MainTest" name="funtion" time="6.33"/>
</testsuite> <!-- Default test -->
