<?xml version="1.0" encoding="UTF-8"?>
<!-- Generated by org.testng.reporters.JUnitXMLReporter -->
<testsuite ignored="0" hostname="Ketan" failures="0" tests="3" name="Test" time="43.891" errors="0" timestamp="2025-04-17T14:44:44 IST">
  <testcase classname="StandardFramework.Tests.MainTest" name="funtion" time="6.756"/>
  <testcase classname="StandardFramework.Tests.MainTest" name="funtion" time="4.986"/>
  <testcase classname="StandardFramework.Tests.MainTest" name="funtion" time="4.3"/>
</testsuite> <!-- Test -->
